<?xml version="1.0" encoding="UTF-8"?>
<!-- Generated by org.testng.reporters.JUnitReportReporter -->
<testsuite hostname="hp-pc" failures="0" tests="1" name="com.crm.com.crm.Practice.Execute" time="0.020" errors="0" timestamp="15 Jun 2021 11:45:21 GMT" skipped="0">
  <testcase classname="com.crm.com.crm.Practice.Execute" name="runMe" time="0.020"/>
</testsuite> <!-- com.crm.com.crm.Practice.Execute -->
