<?xml version="1.0" encoding="UTF-8"?>
<!-- Generated by org.testng.reporters.JUnitReportReporter -->
<testsuite hostname="hp-pc" failures="0" tests="1" name="com.crm.com.crm.Practice.ReadDataFromCmd" time="0.019" errors="0" timestamp="15 Jun 2021 13:04:59 GMT" skipped="0">
  <testcase classname="com.crm.com.crm.Practice.ReadDataFromCmd" name="readData" time="0.019"/>
</testsuite> <!-- com.crm.com.crm.Practice.ReadDataFromCmd -->
