<?xml version="1.0" encoding="UTF-8"?>
<!-- Generated by org.testng.reporters.JUnitReportReporter -->
<testsuite hostname="hp-pc" failures="0" tests="1" name="com.crm.com.crm.Practice.ExecuteRegression" time="0.021" errors="0" timestamp="15 Jun 2021 11:49:37 GMT" skipped="0">
  <testcase classname="com.crm.com.crm.Practice.ExecuteRegression" name="runMeReg" time="0.021"/>
</testsuite> <!-- com.crm.com.crm.Practice.ExecuteRegression -->
